Using pre-set license
Built from '2021.3/staging' branch; Version is '2021.3.19f1 (c9714fde33b6) revision 13201743'; Using compiler version '192829333'; Build Type 'Release'
OS: 'Windows 10  (10.0.19045) 64bit Professional' Language: 'en' Physical Memory: 32472 MB
BatchMode: 1, IsHumanControllingUs: 0, StartBugReporterOnCrash: 0, Is64bit: 1, IsPro: 1

COMMAND LINE ARGUMENTS:
C:\Program Files\Unity\Hub\Editor\2021.3.19f1\Editor\Unity.exe
-adb2
-batchMode
-noUpm
-name
AssetImportWorker1
-projectPath
C:/Users/Ben/Projects/Repositories/SwordGame
-logFile
Logs/AssetImportWorker1.log
-srvPort
49322
Successfully changed project path to: C:/Users/Ben/Projects/Repositories/SwordGame
C:/Users/Ben/Projects/Repositories/SwordGame
[UnityMemory] Configuration Parameters - Can be set up in boot.config
    "memorysetup-bucket-allocator-granularity=16"
    "memorysetup-bucket-allocator-bucket-count=8"
    "memorysetup-bucket-allocator-block-size=33554432"
    "memorysetup-bucket-allocator-block-count=8"
    "memorysetup-main-allocator-block-size=16777216"
    "memorysetup-thread-allocator-block-size=16777216"
    "memorysetup-gfx-main-allocator-block-size=16777216"
    "memorysetup-gfx-thread-allocator-block-size=16777216"
    "memorysetup-cache-allocator-block-size=4194304"
    "memorysetup-typetree-allocator-block-size=2097152"
    "memorysetup-profiler-bucket-allocator-granularity=16"
    "memorysetup-profiler-bucket-allocator-bucket-count=8"
    "memorysetup-profiler-bucket-allocator-block-size=33554432"
    "memorysetup-profiler-bucket-allocator-block-count=8"
    "memorysetup-profiler-allocator-block-size=16777216"
    "memorysetup-profiler-editor-allocator-block-size=1048576"
    "memorysetup-temp-allocator-size-main=16777216"
    "memorysetup-job-temp-allocator-block-size=2097152"
    "memorysetup-job-temp-allocator-block-size-background=1048576"
    "memorysetup-job-temp-allocator-reduction-small-platforms=262144"
    "memorysetup-temp-allocator-size-background-worker=32768"
    "memorysetup-temp-allocator-size-job-worker=262144"
    "memorysetup-temp-allocator-size-preload-manager=33554432"
    "memorysetup-temp-allocator-size-nav-mesh-worker=65536"
    "memorysetup-temp-allocator-size-audio-worker=65536"
    "memorysetup-temp-allocator-size-cloud-worker=32768"
    "memorysetup-temp-allocator-size-gi-baking-worker=262144"
    "memorysetup-temp-allocator-size-gfx=262144"
Player connection [34160] Host "[IP] 192.168.56.1 [Port] 0 [Flags] 2 [Guid] 83518363 [EditorId] 83518363 [Version] 1048832 [Id] WindowsEditor(7,DESKTOP-H6HINOU) [Debug] 1 [PackageName] WindowsEditor [ProjectName] Editor" joined multi-casting on [225.0.0.222:54997]...

Player connection [34160] Host "[IP] 192.168.56.1 [Port] 0 [Flags] 2 [Guid] 83518363 [EditorId] 83518363 [Version] 1048832 [Id] WindowsEditor(7,DESKTOP-H6HINOU) [Debug] 1 [PackageName] WindowsEditor [ProjectName] Editor" joined alternative multi-casting on [225.0.0.222:34997]...

Refreshing native plugins compatible for Editor in 106.26 ms, found 4 plugins.
Preloading 0 native plugins for Editor in 0.00 ms.
Initialize engine version: 2021.3.19f1 (c9714fde33b6)
[Subsystems] Discovering subsystems at path C:/Program Files/Unity/Hub/Editor/2021.3.19f1/Editor/Data/Resources/UnitySubsystems
[Subsystems] Discovering subsystems at path C:/Users/Ben/Projects/Repositories/SwordGame/Assets
GfxDevice: creating device client; threaded=0; jobified=0
Direct3D:
    Version:  Direct3D 11.0 [level 11.1]
    Renderer: NVIDIA GeForce RTX 3050 Ti Laptop GPU (ID=0x25a0)
    Vendor:   NVIDIA
    VRAM:     3976 MB
    Driver:   31.0.15.2849
Initialize mono
Mono path[0] = 'C:/Program Files/Unity/Hub/Editor/2021.3.19f1/Editor/Data/Managed'
Mono path[1] = 'C:/Program Files/Unity/Hub/Editor/2021.3.19f1/Editor/Data/MonoBleedingEdge/lib/mono/unityjit-win32'
Mono config path = 'C:/Program Files/Unity/Hub/Editor/2021.3.19f1/Editor/Data/MonoBleedingEdge/etc'
Using monoOptions --debugger-agent=transport=dt_socket,embedding=1,server=y,suspend=n,address=127.0.0.1:56340
Begin MonoManager ReloadAssembly
Registering precompiled unity dll's ...
Register platform support module: C:/Program Files/Unity/Hub/Editor/2021.3.19f1/Editor/Data/PlaybackEngines/WebGLSupport/UnityEditor.WebGL.Extensions.dll
Register platform support module: C:/Program Files/Unity/Hub/Editor/2021.3.19f1/Editor/Data/PlaybackEngines/WindowsStandaloneSupport/UnityEditor.WindowsStandalone.Extensions.dll
Registered in 0.008313 seconds.
Native extension for WindowsStandalone target not found
Native extension for WebGL target not found
Refreshing native plugins compatible for Editor in 101.58 ms, found 4 plugins.
Preloading 0 native plugins for Editor in 0.00 ms.
Mono: successfully reloaded assembly
- Completed reload, in  0.705 seconds
Domain Reload Profiling:
	ReloadAssembly (705ms)
		BeginReloadAssembly (56ms)
			ExecutionOrderSort (0ms)
			DisableScriptedObjects (0ms)
			BackupInstance (0ms)
			ReleaseScriptingObjects (0ms)
			CreateAndSetChildDomain (1ms)
		EndReloadAssembly (526ms)
			LoadAssemblies (55ms)
			RebuildTransferFunctionScriptingTraits (0ms)
			SetupTypeCache (115ms)
			ReleaseScriptCaches (0ms)
			RebuildScriptCaches (33ms)
			SetupLoadedEditorAssemblies (323ms)
				LogAssemblyErrors (0ms)
				InitializePlatformSupportModulesInManaged (10ms)
				SetLoadedEditorAssemblies (0ms)
				RefreshPlugins (102ms)
				BeforeProcessingInitializeOnLoad (1ms)
				ProcessInitializeOnLoadAttributes (159ms)
				ProcessInitializeOnLoadMethodAttributes (51ms)
				AfterProcessingInitializeOnLoad (0ms)
				EditorAssembliesLoaded (0ms)
			ExecutionOrderSort2 (0ms)
			AwakeInstancesAfterBackupRestoration (0ms)
Platform modules already initialized, skipping
Registering precompiled user dll's ...
Registered in 0.007612 seconds.
Begin MonoManager ReloadAssembly
Symbol file LoadedFromMemory doesn't match image C:\Users\Ben\Projects\Repositories\SwordGame\Library\PackageCache\com.unity.visualscripting@1.8.0\Editor\VisualScripting.Core\Dependencies\YamlDotNet\Unity.VisualScripting.YamlDotNet.dll
Symbol file LoadedFromMemory doesn't match image C:\Users\Ben\Projects\Repositories\SwordGame\Library\PackageCache\com.unity.visualscripting@1.8.0\Editor\VisualScripting.Core\Dependencies\DotNetZip\Unity.VisualScripting.IonicZip.dll
Native extension for WindowsStandalone target not found
Native extension for WebGL target not found
Refreshing native plugins compatible for Editor in 98.95 ms, found 4 plugins.
Preloading 0 native plugins for Editor in 0.00 ms.
Mono: successfully reloaded assembly
- Completed reload, in  1.388 seconds
Domain Reload Profiling:
	ReloadAssembly (1389ms)
		BeginReloadAssembly (113ms)
			ExecutionOrderSort (0ms)
			DisableScriptedObjects (6ms)
			BackupInstance (0ms)
			ReleaseScriptingObjects (0ms)
			CreateAndSetChildDomain (18ms)
		EndReloadAssembly (1150ms)
			LoadAssemblies (91ms)
			RebuildTransferFunctionScriptingTraits (0ms)
			SetupTypeCache (318ms)
			ReleaseScriptCaches (1ms)
			RebuildScriptCaches (64ms)
			SetupLoadedEditorAssemblies (626ms)
				LogAssemblyErrors (0ms)
				InitializePlatformSupportModulesInManaged (6ms)
				SetLoadedEditorAssemblies (0ms)
				RefreshPlugins (99ms)
				BeforeProcessingInitializeOnLoad (117ms)
				ProcessInitializeOnLoadAttributes (332ms)
				ProcessInitializeOnLoadMethodAttributes (64ms)
				AfterProcessingInitializeOnLoad (7ms)
				EditorAssembliesLoaded (0ms)
			ExecutionOrderSort2 (0ms)
			AwakeInstancesAfterBackupRestoration (6ms)
Platform modules already initialized, skipping
========================================================================
Worker process is ready to serve import requests
Launched and connected shader compiler UnityShaderCompiler.exe after 0.04 seconds
Refreshing native plugins compatible for Editor in 0.50 ms, found 4 plugins.
Preloading 0 native plugins for Editor in 0.00 ms.
Unloading 5109 Unused Serialized files (Serialized files now loaded: 0)
Unloading 35 unused Assets / (343.5 KB). Loaded Objects now: 5563.
Memory consumption went from 186.8 MB to 186.5 MB.
Total: 3.054500 ms (FindLiveObjects: 0.231600 ms CreateObjectMapping: 0.128700 ms MarkObjects: 2.534800 ms  DeleteObjects: 0.158400 ms)

AssetImportParameters requested are different than current active one (requested -> active):
  custom:video-decoder-ogg-theora: a1e56fd34408186e4bbccfd4996cb3dc -> 
  custom:container-muxer-webm: aa71ff27fc2769a1b78a27578f13a17b -> 
  custom:container-demuxer-webm: 4f35f7cbe854078d1ac9338744f61a02 -> 
  custom:video-encoder-webm-vp8: eb34c28f22e8b96e1ab97ce403110664 -> 
  custom:audio-encoder-webm-vorbis: bf7c407c2cedff20999df2af8eb42d56 -> 
  custom:framework-win-MediaFoundation: 216162199b28c13a410421893ffa2e32 -> 
  custom:container-demuxer-ogg: 62fdf1f143b41e24485cea50d1cbac27 -> 
  custom:video-decoder-webm-vp8: 9c59270c3fd7afecdb556c50c9e8de78 -> 
  custom:audio-decoder-ogg-vorbis: bf7c407c2cedff20999df2af8eb42d56 -> 
========================================================================
Received Prepare
Registering precompiled user dll's ...
Registered in 0.006755 seconds.
Begin MonoManager ReloadAssembly
Symbol file LoadedFromMemory doesn't match image C:\Users\Ben\Projects\Repositories\SwordGame\Library\PackageCache\com.unity.visualscripting@1.8.0\Editor\VisualScripting.Core\Dependencies\YamlDotNet\Unity.VisualScripting.YamlDotNet.dll
Symbol file LoadedFromMemory doesn't match image C:\Users\Ben\Projects\Repositories\SwordGame\Library\PackageCache\com.unity.visualscripting@1.8.0\Editor\VisualScripting.Core\Dependencies\DotNetZip\Unity.VisualScripting.IonicZip.dll
Native extension for WindowsStandalone target not found
Native extension for WebGL target not found
Refreshing native plugins compatible for Editor in 1.05 ms, found 4 plugins.
Preloading 0 native plugins for Editor in 0.00 ms.
Mono: successfully reloaded assembly
- Completed reload, in  1.337 seconds
Domain Reload Profiling:
	ReloadAssembly (1338ms)
		BeginReloadAssembly (154ms)
			ExecutionOrderSort (0ms)
			DisableScriptedObjects (6ms)
			BackupInstance (0ms)
			ReleaseScriptingObjects (0ms)
			CreateAndSetChildDomain (41ms)
		EndReloadAssembly (1068ms)
			LoadAssemblies (101ms)
			RebuildTransferFunctionScriptingTraits (0ms)
			SetupTypeCache (331ms)
			ReleaseScriptCaches (2ms)
			RebuildScriptCaches (53ms)
			SetupLoadedEditorAssemblies (527ms)
				LogAssemblyErrors (0ms)
				InitializePlatformSupportModulesInManaged (18ms)
				SetLoadedEditorAssemblies (1ms)
				RefreshPlugins (1ms)
				BeforeProcessingInitializeOnLoad (97ms)
				ProcessInitializeOnLoadAttributes (327ms)
				ProcessInitializeOnLoadMethodAttributes (73ms)
				AfterProcessingInitializeOnLoad (9ms)
				EditorAssembliesLoaded (0ms)
			ExecutionOrderSort2 (0ms)
			AwakeInstancesAfterBackupRestoration (8ms)
Platform modules already initialized, skipping
Refreshing native plugins compatible for Editor in 2.83 ms, found 4 plugins.
Preloading 0 native plugins for Editor in 0.00 ms.
Unloading 5090 Unused Serialized files (Serialized files now loaded: 0)
Unloading 26 unused Assets / (309.8 KB). Loaded Objects now: 5567.
Memory consumption went from 188.0 MB to 187.7 MB.
Total: 3.324100 ms (FindLiveObjects: 0.419600 ms CreateObjectMapping: 0.157300 ms MarkObjects: 2.677600 ms  DeleteObjects: 0.068600 ms)

AssetImportParameters requested are different than current active one (requested -> active):
  custom:video-decoder-ogg-theora: a1e56fd34408186e4bbccfd4996cb3dc -> 
  custom:container-muxer-webm: aa71ff27fc2769a1b78a27578f13a17b -> 
  custom:container-demuxer-webm: 4f35f7cbe854078d1ac9338744f61a02 -> 
  custom:video-encoder-webm-vp8: eb34c28f22e8b96e1ab97ce403110664 -> 
  custom:audio-encoder-webm-vorbis: bf7c407c2cedff20999df2af8eb42d56 -> 
  custom:framework-win-MediaFoundation: 216162199b28c13a410421893ffa2e32 -> 
  custom:container-demuxer-ogg: 62fdf1f143b41e24485cea50d1cbac27 -> 
  custom:video-decoder-webm-vp8: 9c59270c3fd7afecdb556c50c9e8de78 -> 
  custom:audio-decoder-ogg-vorbis: bf7c407c2cedff20999df2af8eb42d56 -> 
========================================================================
Received Prepare
Registering precompiled user dll's ...
Registered in 0.007581 seconds.
Begin MonoManager ReloadAssembly
Symbol file LoadedFromMemory doesn't match image C:\Users\Ben\Projects\Repositories\SwordGame\Library\PackageCache\com.unity.visualscripting@1.8.0\Editor\VisualScripting.Core\Dependencies\YamlDotNet\Unity.VisualScripting.YamlDotNet.dll
Symbol file LoadedFromMemory doesn't match image C:\Users\Ben\Projects\Repositories\SwordGame\Library\PackageCache\com.unity.visualscripting@1.8.0\Editor\VisualScripting.Core\Dependencies\DotNetZip\Unity.VisualScripting.IonicZip.dll
Native extension for WindowsStandalone target not found
Native extension for WebGL target not found
Refreshing native plugins compatible for Editor in 1.22 ms, found 4 plugins.
Preloading 0 native plugins for Editor in 0.00 ms.
Error saving file Library/StateCache/LayerSettings/9e/9ecc5c3c162a7aba29bafa64c8b94b7c.json. Error: System.IO.IOException: Sharing violation on path C:\Users\Ben\Projects\Repositories\SwordGame\Library\StateCache\LayerSettings\9e\9ecc5c3c162a7aba29bafa64c8b94b7c.json
  at System.IO.FileStream..ctor (System.String path, System.IO.FileMode mode, System.IO.FileAccess access, System.IO.FileShare share, System.Int32 bufferSize, System.Boolean anonymous, System.IO.FileOptions options) [0x0019e] in <03bd9b261dff4c2b8b568aca27f561b2>:0 
  at System.IO.FileStream..ctor (System.String path, System.IO.FileMode mode, System.IO.FileAccess access, System.IO.FileShare share, System.Int32 bufferSize, System.IO.FileOptions options) [0x00000] in <03bd9b261dff4c2b8b568aca27f561b2>:0 
  at (wrapper remoting-invoke-with-check) System.IO.FileStream..ctor(string,System.IO.FileMode,System.IO.FileAccess,System.IO.FileShare,int,System.IO.FileOptions)
  at System.IO.StreamWriter..ctor (System.String path, System.Boolean append, System.Text.Encoding encoding, System.Int32 bufferSize) [0x00055] in <03bd9b261dff4c2b8b568aca27f561b2>:0 
  at System.IO.StreamWriter..ctor (System.String path, System.Boolean append, System.Text.Encoding encoding) [0x00000] in <03bd9b261dff4c2b8b568aca27f561b2>:0 
  at (wrapper remoting-invoke-with-check) System.IO.StreamWriter..ctor(string,bool,System.Text.Encoding)
  at System.IO.File.WriteAllText (System.String path, System.String contents, System.Text.Encoding encoding) [0x00034] in <03bd9b261dff4c2b8b568aca27f561b2>:0 
  at UnityEditor.StateCache`1[T].SetState (UnityEngine.Hash128 key, T obj) [0x0004b] in <7fef092428a04dc89d2aa6ad3ce5d856>:0 
UnityEngine.StackTraceUtility:ExtractStackTrace ()
UnityEngine.DebugLogHandler:LogFormat (UnityEngine.LogType,UnityEngine.Object,string,object[])
UnityEngine.Logger:Log (UnityEngine.LogType,object)
UnityEngine.Debug:LogError (object)
UnityEditor.StateCache`1<UnityEditor.Tools/LayerSettings>:SetState (UnityEngine.Hash128,UnityEditor.Tools/LayerSettings)
UnityEditor.Tools:set_lockedLayers (int)
UnityEditor.Tools:OnEnable ()
UnityEngine.ScriptableObject:CreateInstance (System.Type)
UnityEngine.ScriptableObject:CreateInstance<UnityEditor.Tools> ()
UnityEditor.Tools:get_get ()
UnityEditor.Tools:get_visibleLayers ()
UnityEditor.Animations.Rigging.BoneRendererUtils:.cctor () (at Library/PackageCache/com.unity.animation.rigging@1.1.1/Editor/Utils/BoneRendererUtils.cs:121)
System.Runtime.CompilerServices.RuntimeHelpers:RunClassConstructor (System.RuntimeTypeHandle)
UnityEditor.EditorAssemblies:ProcessInitializeOnLoadAttributes (System.Type[])

(Filename: Library/PackageCache/com.unity.animation.rigging@1.1.1/Editor/Utils/BoneRendererUtils.cs Line: 121)

Mono: successfully reloaded assembly
- Completed reload, in  2.021 seconds
Domain Reload Profiling:
	ReloadAssembly (2022ms)
		BeginReloadAssembly (203ms)
			ExecutionOrderSort (0ms)
			DisableScriptedObjects (8ms)
			BackupInstance (0ms)
			ReleaseScriptingObjects (0ms)
			CreateAndSetChildDomain (52ms)
		EndReloadAssembly (1651ms)
			LoadAssemblies (147ms)
			RebuildTransferFunctionScriptingTraits (0ms)
			SetupTypeCache (519ms)
			ReleaseScriptCaches (2ms)
			RebuildScriptCaches (79ms)
			SetupLoadedEditorAssemblies (807ms)
				LogAssemblyErrors (0ms)
				InitializePlatformSupportModulesInManaged (27ms)
				SetLoadedEditorAssemblies (1ms)
				RefreshPlugins (1ms)
				BeforeProcessingInitializeOnLoad (149ms)
				ProcessInitializeOnLoadAttributes (505ms)
				ProcessInitializeOnLoadMethodAttributes (109ms)
				AfterProcessingInitializeOnLoad (14ms)
				EditorAssembliesLoaded (0ms)
			ExecutionOrderSort2 (0ms)
			AwakeInstancesAfterBackupRestoration (18ms)
Platform modules already initialized, skipping
Refreshing native plugins compatible for Editor in 4.29 ms, found 4 plugins.
Preloading 0 native plugins for Editor in 0.00 ms.
Unloading 5090 Unused Serialized files (Serialized files now loaded: 0)
Unloading 26 unused Assets / (309.9 KB). Loaded Objects now: 5571.
Memory consumption went from 187.9 MB to 187.6 MB.
Total: 6.413000 ms (FindLiveObjects: 0.621200 ms CreateObjectMapping: 0.380900 ms MarkObjects: 5.237500 ms  DeleteObjects: 0.171700 ms)

AssetImportParameters requested are different than current active one (requested -> active):
  custom:video-decoder-ogg-theora: a1e56fd34408186e4bbccfd4996cb3dc -> 
  custom:container-muxer-webm: aa71ff27fc2769a1b78a27578f13a17b -> 
  custom:container-demuxer-webm: 4f35f7cbe854078d1ac9338744f61a02 -> 
  custom:video-encoder-webm-vp8: eb34c28f22e8b96e1ab97ce403110664 -> 
  custom:audio-encoder-webm-vorbis: bf7c407c2cedff20999df2af8eb42d56 -> 
  custom:framework-win-MediaFoundation: 216162199b28c13a410421893ffa2e32 -> 
  custom:container-demuxer-ogg: 62fdf1f143b41e24485cea50d1cbac27 -> 
  custom:video-decoder-webm-vp8: 9c59270c3fd7afecdb556c50c9e8de78 -> 
  custom:audio-decoder-ogg-vorbis: bf7c407c2cedff20999df2af8eb42d56 -> 
========================================================================
Received Import Request.
  Time since last request: 313417.452371 seconds.
  path: Assets/DynamicMeshCutter/Content/Animations/DMC_Man_TPose.fbx
  artifactKey: Guid(0463d8996147b5e4c97eaaab059857ea) Importer(815301076,1909f56bfc062723c751e8b465ee728b)
Start importing Assets/DynamicMeshCutter/Content/Animations/DMC_Man_TPose.fbx using Guid(0463d8996147b5e4c97eaaab059857ea) Importer(815301076,1909f56bfc062723c751e8b465ee728b)  -> (artifact id: '1fe460d6bec68a4cea2d05dee9cc38d4') in 0.166863 seconds 
========================================================================
Received Prepare
Registering precompiled user dll's ...
Registered in 0.008621 seconds.
Begin MonoManager ReloadAssembly
Symbol file LoadedFromMemory doesn't match image C:\Users\Ben\Projects\Repositories\SwordGame\Library\PackageCache\com.unity.visualscripting@1.8.0\Editor\VisualScripting.Core\Dependencies\YamlDotNet\Unity.VisualScripting.YamlDotNet.dll
Symbol file LoadedFromMemory doesn't match image C:\Users\Ben\Projects\Repositories\SwordGame\Library\PackageCache\com.unity.visualscripting@1.8.0\Editor\VisualScripting.Core\Dependencies\DotNetZip\Unity.VisualScripting.IonicZip.dll
Native extension for WindowsStandalone target not found
Native extension for WebGL target not found
Refreshing native plugins compatible for Editor in 0.92 ms, found 4 plugins.
Preloading 0 native plugins for Editor in 0.00 ms.
Mono: successfully reloaded assembly
- Completed reload, in  1.413 seconds
Domain Reload Profiling:
	ReloadAssembly (1414ms)
		BeginReloadAssembly (163ms)
			ExecutionOrderSort (0ms)
			DisableScriptedObjects (6ms)
			BackupInstance (0ms)
			ReleaseScriptingObjects (0ms)
			CreateAndSetChildDomain (43ms)
		EndReloadAssembly (1126ms)
			LoadAssemblies (113ms)
			RebuildTransferFunctionScriptingTraits (0ms)
			SetupTypeCache (341ms)
			ReleaseScriptCaches (2ms)
			RebuildScriptCaches (56ms)
			SetupLoadedEditorAssemblies (553ms)
				LogAssemblyErrors (0ms)
				InitializePlatformSupportModulesInManaged (18ms)
				SetLoadedEditorAssemblies (1ms)
				RefreshPlugins (1ms)
				BeforeProcessingInitializeOnLoad (100ms)
				ProcessInitializeOnLoadAttributes (349ms)
				ProcessInitializeOnLoadMethodAttributes (75ms)
				AfterProcessingInitializeOnLoad (10ms)
				EditorAssembliesLoaded (0ms)
			ExecutionOrderSort2 (0ms)
			AwakeInstancesAfterBackupRestoration (11ms)
Platform modules already initialized, skipping
Refreshing native plugins compatible for Editor in 2.63 ms, found 4 plugins.
Preloading 0 native plugins for Editor in 0.00 ms.
Unloading 5090 Unused Serialized files (Serialized files now loaded: 0)
Unloading 26 unused Assets / (310.0 KB). Loaded Objects now: 5588.
Memory consumption went from 204.8 MB to 204.5 MB.
Total: 3.562900 ms (FindLiveObjects: 0.359200 ms CreateObjectMapping: 0.162700 ms MarkObjects: 2.969500 ms  DeleteObjects: 0.070700 ms)

AssetImportParameters requested are different than current active one (requested -> active):
  custom:video-decoder-ogg-theora: a1e56fd34408186e4bbccfd4996cb3dc -> 
  custom:container-muxer-webm: aa71ff27fc2769a1b78a27578f13a17b -> 
  custom:container-demuxer-webm: 4f35f7cbe854078d1ac9338744f61a02 -> 
  custom:video-encoder-webm-vp8: eb34c28f22e8b96e1ab97ce403110664 -> 
  custom:audio-encoder-webm-vorbis: bf7c407c2cedff20999df2af8eb42d56 -> 
  custom:framework-win-MediaFoundation: 216162199b28c13a410421893ffa2e32 -> 
  custom:container-demuxer-ogg: 62fdf1f143b41e24485cea50d1cbac27 -> 
  custom:video-decoder-webm-vp8: 9c59270c3fd7afecdb556c50c9e8de78 -> 
  custom:audio-decoder-ogg-vorbis: bf7c407c2cedff20999df2af8eb42d56 -> 
========================================================================
Received Import Request.
  Time since last request: 117.768315 seconds.
  path: Assets/OpenFracture-main/Runtime/Meshes/GlassPanel.obj
  artifactKey: Guid(a7bc6713ab841f54c9fe80d36319a7cd) Importer(815301076,1909f56bfc062723c751e8b465ee728b)
Start importing Assets/OpenFracture-main/Runtime/Meshes/GlassPanel.obj using Guid(a7bc6713ab841f54c9fe80d36319a7cd) Importer(815301076,1909f56bfc062723c751e8b465ee728b)  -> (artifact id: 'e1aff976bfe34aa734198927654d5af8') in 0.147029 seconds 
========================================================================
Received Import Request.
  Time since last request: 0.000030 seconds.
  path: Assets/OpenFracture-main/Runtime/Meshes/LetterR.obj
  artifactKey: Guid(f7e049e008383944194572a6adceb414) Importer(815301076,1909f56bfc062723c751e8b465ee728b)
Start importing Assets/OpenFracture-main/Runtime/Meshes/LetterR.obj using Guid(f7e049e008383944194572a6adceb414) Importer(815301076,1909f56bfc062723c751e8b465ee728b)  -> (artifact id: '29c21842667f05cc9405f576c8c4cdd0') in 0.034827 seconds 
========================================================================
Received Import Request.
  Time since last request: 0.000039 seconds.
  path: Assets/OpenFracture-main/Runtime/Meshes/LetterF.obj
  artifactKey: Guid(40e81ac5fa106214aa45fe0b5a41936a) Importer(815301076,1909f56bfc062723c751e8b465ee728b)
Start importing Assets/OpenFracture-main/Runtime/Meshes/LetterF.obj using Guid(40e81ac5fa106214aa45fe0b5a41936a) Importer(815301076,1909f56bfc062723c751e8b465ee728b)  -> (artifact id: 'f0a2c31adf9f76f10de7d0c86d97c590') in 0.028229 seconds 
========================================================================
Received Import Request.
  Time since last request: 0.000032 seconds.
  path: Assets/OpenFracture-main/Runtime/Meshes/LetterC.obj
  artifactKey: Guid(905c7de4dcfcafd4f901524546b218af) Importer(815301076,1909f56bfc062723c751e8b465ee728b)
Start importing Assets/OpenFracture-main/Runtime/Meshes/LetterC.obj using Guid(905c7de4dcfcafd4f901524546b218af) Importer(815301076,1909f56bfc062723c751e8b465ee728b)  -> (artifact id: '87db61eda944868c68118ccfb1276043') in 0.035707 seconds 
========================================================================
Received Import Request.
  Time since last request: 0.000024 seconds.
  path: Assets/Sword/katana no case.prefab
  artifactKey: Guid(9e6db970cc98ab7458cc5bdbdef299b2) Importer(815301076,1909f56bfc062723c751e8b465ee728b)
Start importing Assets/Sword/katana no case.prefab using Guid(9e6db970cc98ab7458cc5bdbdef299b2) Importer(815301076,1909f56bfc062723c751e8b465ee728b)  -> (artifact id: '81f7e3e314559075ae8575a84cde2d48') in 0.087801 seconds 
========================================================================
Received Import Request.
  Time since last request: 0.000029 seconds.
  path: Assets/Player/Animations/Sword and Shield Pack/Idle.fbx
  artifactKey: Guid(e91996e5311fbc44290bca806d5f6a66) Importer(815301076,1909f56bfc062723c751e8b465ee728b)
Start importing Assets/Player/Animations/Sword and Shield Pack/Idle.fbx using Guid(e91996e5311fbc44290bca806d5f6a66) Importer(815301076,1909f56bfc062723c751e8b465ee728b)  -> (artifact id: '5901c442dd1e3a6cac833edbf92eb403') in 0.014663 seconds 
========================================================================
Received Import Request.
  Time since last request: 0.000024 seconds.
  path: Assets/Player/Animations/Sword and Shield Pack/sword and shield crouch block.fbx
  artifactKey: Guid(8c4c202c6b85a204eb6b1662d0e6579b) Importer(815301076,1909f56bfc062723c751e8b465ee728b)
Start importing Assets/Player/Animations/Sword and Shield Pack/sword and shield crouch block.fbx using Guid(8c4c202c6b85a204eb6b1662d0e6579b) Importer(815301076,1909f56bfc062723c751e8b465ee728b)  -> (artifact id: '92039dd17a5fd07fab8ddbebf6b379fb') in 0.013199 seconds 
========================================================================
Received Import Request.
  Time since last request: 0.000026 seconds.
  path: Assets/Player/Animations/Sword and Shield Pack/sword and shield 180 turn.fbx
  artifactKey: Guid(7a2de46b37780c44bb5207da029cdab6) Importer(815301076,1909f56bfc062723c751e8b465ee728b)
Start importing Assets/Player/Animations/Sword and Shield Pack/sword and shield 180 turn.fbx using Guid(7a2de46b37780c44bb5207da029cdab6) Importer(815301076,1909f56bfc062723c751e8b465ee728b)  -> (artifact id: 'abaf55dac10745c0957f5d774da050f8') in 0.012716 seconds 
========================================================================
Received Import Request.
  Time since last request: 0.000027 seconds.
  path: Assets/Player/Animations/Sword and Shield Pack/sword and shield crouch block (2).fbx
  artifactKey: Guid(7b1e78f17f6a8954889cecd14b02bab5) Importer(815301076,1909f56bfc062723c751e8b465ee728b)
Start importing Assets/Player/Animations/Sword and Shield Pack/sword and shield crouch block (2).fbx using Guid(7b1e78f17f6a8954889cecd14b02bab5) Importer(815301076,1909f56bfc062723c751e8b465ee728b)  -> (artifact id: 'b1304fa40ca96520a2d26e03b2ffef40') in 0.014552 seconds 
========================================================================
Received Import Request.
  Time since last request: 0.000029 seconds.
  path: Assets/OpenFracture-main/Runtime/Meshes/LetterN.obj
  artifactKey: Guid(6a9f524ac3ea0fd42af27b4d51f9d4d8) Importer(815301076,1909f56bfc062723c751e8b465ee728b)
Start importing Assets/OpenFracture-main/Runtime/Meshes/LetterN.obj using Guid(6a9f524ac3ea0fd42af27b4d51f9d4d8) Importer(815301076,1909f56bfc062723c751e8b465ee728b)  -> (artifact id: '413fc79ad106e2de61905563041ffdca') in 0.035154 seconds 
========================================================================
Received Import Request.
  Time since last request: 0.000055 seconds.
  path: Assets/Player/Animations/Sword and Shield Pack/sword and shield block (2).fbx
  artifactKey: Guid(027c8b21e33a8ef4ab80f044635d7853) Importer(815301076,1909f56bfc062723c751e8b465ee728b)
Start importing Assets/Player/Animations/Sword and Shield Pack/sword and shield block (2).fbx using Guid(027c8b21e33a8ef4ab80f044635d7853) Importer(815301076,1909f56bfc062723c751e8b465ee728b)  -> (artifact id: '8743fb2df86ac9e7942805ba6873202f') in 0.013594 seconds 
========================================================================
Received Import Request.
  Time since last request: 0.000024 seconds.
  path: Assets/Player/Prefabs/PlayerStuff.prefab
  artifactKey: Guid(10b762a1bc5edde4a9c827a3a4dd8cdc) Importer(815301076,1909f56bfc062723c751e8b465ee728b)
Start importing Assets/Player/Prefabs/PlayerStuff.prefab using Guid(10b762a1bc5edde4a9c827a3a4dd8cdc) Importer(815301076,1909f56bfc062723c751e8b465ee728b)  -> (artifact id: '510841ee60952832011f85debed1050c') in 0.122668 seconds 
========================================================================
Received Import Request.
  Time since last request: 0.000023 seconds.
  path: Assets/Player/Animations/Sword and Shield Pack/sword and shield casting (2).fbx
  artifactKey: Guid(763bf6f644875f14d9e6d61719f300e6) Importer(815301076,1909f56bfc062723c751e8b465ee728b)
Start importing Assets/Player/Animations/Sword and Shield Pack/sword and shield casting (2).fbx using Guid(763bf6f644875f14d9e6d61719f300e6) Importer(815301076,1909f56bfc062723c751e8b465ee728b)  -> (artifact id: '275229caecdcf3c0864dda3e04045dcb') in 0.013125 seconds 
========================================================================
Received Import Request.
  Time since last request: 0.000028 seconds.
  path: Assets/Player/Animations/Sword and Shield Pack/sword and shield attack (4).fbx
  artifactKey: Guid(cd1c6e616f67e9c4785c4f1089c92602) Importer(815301076,1909f56bfc062723c751e8b465ee728b)
Start importing Assets/Player/Animations/Sword and Shield Pack/sword and shield attack (4).fbx using Guid(cd1c6e616f67e9c4785c4f1089c92602) Importer(815301076,1909f56bfc062723c751e8b465ee728b)  -> (artifact id: '0757227b81131682ba40eb07017c81c2') in 0.013566 seconds 
========================================================================
Received Import Request.
  Time since last request: 1.699990 seconds.
  path: Assets/Player/Animations/Sword and Shield Pack/sword and shield crouching (2).fbx
  artifactKey: Guid(d7e0a7edebd5f034eacdb21ca5b525bd) Importer(815301076,1909f56bfc062723c751e8b465ee728b)
Start importing Assets/Player/Animations/Sword and Shield Pack/sword and shield crouching (2).fbx using Guid(d7e0a7edebd5f034eacdb21ca5b525bd) Importer(815301076,1909f56bfc062723c751e8b465ee728b)  -> (artifact id: '59e2dc474d8f4ea5bb179533f0642629') in 0.013580 seconds 
========================================================================
Received Import Request.
  Time since last request: 0.000030 seconds.
  path: Assets/Player/Animations/Sword and Shield Pack/sword and shield death (2).fbx
  artifactKey: Guid(af8f3297b6002904c9e4aa15df45c366) Importer(815301076,1909f56bfc062723c751e8b465ee728b)
Start importing Assets/Player/Animations/Sword and Shield Pack/sword and shield death (2).fbx using Guid(af8f3297b6002904c9e4aa15df45c366) Importer(815301076,1909f56bfc062723c751e8b465ee728b)  -> (artifact id: '74dbced03bd709c9e65501dda13a4ba6') in 0.013543 seconds 
========================================================================
Received Import Request.
  Time since last request: 0.000024 seconds.
  path: Assets/Player/Animations/Sword and Shield Pack/sword and shield death.fbx
  artifactKey: Guid(b2f5fbbf6e9a15d4eb7050e75263e116) Importer(815301076,1909f56bfc062723c751e8b465ee728b)
Start importing Assets/Player/Animations/Sword and Shield Pack/sword and shield death.fbx using Guid(b2f5fbbf6e9a15d4eb7050e75263e116) Importer(815301076,1909f56bfc062723c751e8b465ee728b)  -> (artifact id: 'fb8c55c9a2df6c248cbd98008cfc5ed9') in 0.013413 seconds 
========================================================================
Received Import Request.
  Time since last request: 0.000029 seconds.
  path: Assets/Player/Animations/Sword and Shield Pack/sword and shield impact (2).fbx
  artifactKey: Guid(c4b8fa4c93535cd4897bdc2e620772c6) Importer(815301076,1909f56bfc062723c751e8b465ee728b)
Start importing Assets/Player/Animations/Sword and Shield Pack/sword and shield impact (2).fbx using Guid(c4b8fa4c93535cd4897bdc2e620772c6) Importer(815301076,1909f56bfc062723c751e8b465ee728b)  -> (artifact id: '0cfcd933149bcd0fcc8573fd10fa8306') in 0.013619 seconds 
========================================================================
Received Import Request.
  Time since last request: 0.000025 seconds.
  path: Assets/Player/Animations/Sword and Shield Pack/sword and shield idle (3).fbx
  artifactKey: Guid(f9a08a9ce4534704393b10af68276af9) Importer(815301076,1909f56bfc062723c751e8b465ee728b)
Start importing Assets/Player/Animations/Sword and Shield Pack/sword and shield idle (3).fbx using Guid(f9a08a9ce4534704393b10af68276af9) Importer(815301076,1909f56bfc062723c751e8b465ee728b)  -> (artifact id: 'f54def90881c117ad8e1252ee0a92eca') in 0.013658 seconds 
========================================================================
Received Import Request.
  Time since last request: 0.000025 seconds.
  path: Assets/Player/Animations/Sword and Shield Pack/sword and shield slash.fbx
  artifactKey: Guid(76afe1203c80361499a95e9a68ecbd38) Importer(815301076,1909f56bfc062723c751e8b465ee728b)
Start importing Assets/Player/Animations/Sword and Shield Pack/sword and shield slash.fbx using Guid(76afe1203c80361499a95e9a68ecbd38) Importer(815301076,1909f56bfc062723c751e8b465ee728b)  -> (artifact id: 'c5cc1c7658f25d089c4b3a7151d843f7') in 0.013733 seconds 
========================================================================
Received Import Request.
  Time since last request: 0.000026 seconds.
  path: Assets/Player/Animations/Sword and Shield Pack/sword and shield slash (5).fbx
  artifactKey: Guid(be2f57989703e864893728f18f0ebaca) Importer(815301076,1909f56bfc062723c751e8b465ee728b)
Start importing Assets/Player/Animations/Sword and Shield Pack/sword and shield slash (5).fbx using Guid(be2f57989703e864893728f18f0ebaca) Importer(815301076,1909f56bfc062723c751e8b465ee728b)  -> (artifact id: 'e7904f1d08ce9083ce89b987104e1642') in 0.013282 seconds 
========================================================================
Received Import Request.
  Time since last request: 0.000031 seconds.
  path: Assets/Player/Animations/Sword and Shield Pack/sword and shield strafe (2).fbx
  artifactKey: Guid(cc54d5f327d37634c861debe7b6e259a) Importer(815301076,1909f56bfc062723c751e8b465ee728b)
Start importing Assets/Player/Animations/Sword and Shield Pack/sword and shield strafe (2).fbx using Guid(cc54d5f327d37634c861debe7b6e259a) Importer(815301076,1909f56bfc062723c751e8b465ee728b)  -> (artifact id: '4dc5b6be4b07fbd20a032309db59da7f') in 0.013652 seconds 
========================================================================
Received Import Request.
  Time since last request: 0.000033 seconds.
  path: Assets/Player/Animations/Sword and Shield Pack/sword and shield strafe (3).fbx
  artifactKey: Guid(f92f7828bff4b094f9f8dd86dc68bf62) Importer(815301076,1909f56bfc062723c751e8b465ee728b)
Start importing Assets/Player/Animations/Sword and Shield Pack/sword and shield strafe (3).fbx using Guid(f92f7828bff4b094f9f8dd86dc68bf62) Importer(815301076,1909f56bfc062723c751e8b465ee728b)  -> (artifact id: '124842d1112577b9ddb8901ae81cb814') in 0.013505 seconds 
========================================================================
Received Import Request.
  Time since last request: 0.000027 seconds.
  path: Assets/Player/Animations/Sword and Shield Pack/sword and shield turn (2).fbx
  artifactKey: Guid(69afb551c3486d840826836a5d601a98) Importer(815301076,1909f56bfc062723c751e8b465ee728b)
Start importing Assets/Player/Animations/Sword and Shield Pack/sword and shield turn (2).fbx using Guid(69afb551c3486d840826836a5d601a98) Importer(815301076,1909f56bfc062723c751e8b465ee728b)  -> (artifact id: 'dcee7869d8d756c4b33165286e199a57') in 0.013570 seconds 
========================================================================
Received Import Request.
  Time since last request: 0.000024 seconds.
  path: Assets/Player/Animations/Sword and Shield Pack/sword and shield slash (4).fbx
  artifactKey: Guid(46df9fbb9e502d0478905a47fa103623) Importer(815301076,1909f56bfc062723c751e8b465ee728b)
Start importing Assets/Player/Animations/Sword and Shield Pack/sword and shield slash (4).fbx using Guid(46df9fbb9e502d0478905a47fa103623) Importer(815301076,1909f56bfc062723c751e8b465ee728b)  -> (artifact id: 'ea408154f56f09874dd6902c2d50779d') in 0.013640 seconds 
========================================================================
Received Import Request.
  Time since last request: 0.000026 seconds.
  path: Assets/Player/Animations/Sword and Shield Pack/sword and shield strafe.fbx
  artifactKey: Guid(fc34e1c19ec74dc459d93e239389ceb1) Importer(815301076,1909f56bfc062723c751e8b465ee728b)
Start importing Assets/Player/Animations/Sword and Shield Pack/sword and shield strafe.fbx using Guid(fc34e1c19ec74dc459d93e239389ceb1) Importer(815301076,1909f56bfc062723c751e8b465ee728b)  -> (artifact id: '4c7df3e6372e32649bfb91644cd01aca') in 0.013648 seconds 
========================================================================
Received Import Request.
  Time since last request: 0.000024 seconds.
  path: Assets/Player/Animations/Sword and Shield Pack/sword and shield impact.fbx
  artifactKey: Guid(95fbc1be51f0f124ebc4f968d159dcbc) Importer(815301076,1909f56bfc062723c751e8b465ee728b)
Start importing Assets/Player/Animations/Sword and Shield Pack/sword and shield impact.fbx using Guid(95fbc1be51f0f124ebc4f968d159dcbc) Importer(815301076,1909f56bfc062723c751e8b465ee728b)  -> (artifact id: '43bc400c0ba2869a67719c920b861492') in 0.013850 seconds 
========================================================================
Received Import Request.
  Time since last request: 0.000020 seconds.
  path: Assets/Player/Animations/Sword and Shield Pack/sword and shield idle (4).fbx
  artifactKey: Guid(257cdc36811947c44b7e666d5b6df0da) Importer(815301076,1909f56bfc062723c751e8b465ee728b)
Start importing Assets/Player/Animations/Sword and Shield Pack/sword and shield idle (4).fbx using Guid(257cdc36811947c44b7e666d5b6df0da) Importer(815301076,1909f56bfc062723c751e8b465ee728b)  -> (artifact id: '4c4fdbab07ea1b7b764abe59fcf73cd3') in 0.013149 seconds 
========================================================================
Received Import Request.
  Time since last request: 0.000026 seconds.
  path: Assets/Player/Animations/Sword and Shield Pack/sword and shield walk.fbx
  artifactKey: Guid(e33dd614c83ad734ba447a59a66c8e8d) Importer(815301076,1909f56bfc062723c751e8b465ee728b)
Start importing Assets/Player/Animations/Sword and Shield Pack/sword and shield walk.fbx using Guid(e33dd614c83ad734ba447a59a66c8e8d) Importer(815301076,1909f56bfc062723c751e8b465ee728b)  -> (artifact id: 'e6896e15d6d750c5734d4299315859db') in 0.013126 seconds 
========================================================================
Received Import Request.
  Time since last request: 0.000026 seconds.
  path: Assets/Player/Animations/Sword and Shield Pack/sword and shield jump.fbx
  artifactKey: Guid(c2efa0691972c9b42a5816ce22f3cd95) Importer(815301076,1909f56bfc062723c751e8b465ee728b)
Start importing Assets/Player/Animations/Sword and Shield Pack/sword and shield jump.fbx using Guid(c2efa0691972c9b42a5816ce22f3cd95) Importer(815301076,1909f56bfc062723c751e8b465ee728b)  -> (artifact id: '15207a0a215a112f1dc1867247023b2e') in 0.012983 seconds 
========================================================================
Received Prepare
Registering precompiled user dll's ...
Registered in 0.013633 seconds.
Begin MonoManager ReloadAssembly
Symbol file LoadedFromMemory doesn't match image C:\Users\Ben\Projects\Repositories\SwordGame\Library\PackageCache\com.unity.visualscripting@1.8.0\Editor\VisualScripting.Core\Dependencies\YamlDotNet\Unity.VisualScripting.YamlDotNet.dll
Symbol file LoadedFromMemory doesn't match image C:\Users\Ben\Projects\Repositories\SwordGame\Library\PackageCache\com.unity.visualscripting@1.8.0\Editor\VisualScripting.Core\Dependencies\DotNetZip\Unity.VisualScripting.IonicZip.dll
Native extension for WindowsStandalone target not found
Native extension for WebGL target not found
Refreshing native plugins compatible for Editor in 1.36 ms, found 4 plugins.
Preloading 0 native plugins for Editor in 0.00 ms.
Mono: successfully reloaded assembly
- Completed reload, in  2.263 seconds
Domain Reload Profiling:
	ReloadAssembly (2264ms)
		BeginReloadAssembly (208ms)
			ExecutionOrderSort (0ms)
			DisableScriptedObjects (7ms)
			BackupInstance (0ms)
			ReleaseScriptingObjects (0ms)
			CreateAndSetChildDomain (54ms)
		EndReloadAssembly (1871ms)
			LoadAssemblies (158ms)
			RebuildTransferFunctionScriptingTraits (0ms)
			SetupTypeCache (578ms)
			ReleaseScriptCaches (3ms)
			RebuildScriptCaches (89ms)
			SetupLoadedEditorAssemblies (921ms)
				LogAssemblyErrors (0ms)
				InitializePlatformSupportModulesInManaged (29ms)
				SetLoadedEditorAssemblies (1ms)
				RefreshPlugins (1ms)
				BeforeProcessingInitializeOnLoad (171ms)
				ProcessInitializeOnLoadAttributes (576ms)
				ProcessInitializeOnLoadMethodAttributes (125ms)
				AfterProcessingInitializeOnLoad (18ms)
				EditorAssembliesLoaded (0ms)
			ExecutionOrderSort2 (0ms)
			AwakeInstancesAfterBackupRestoration (20ms)
Platform modules already initialized, skipping
Refreshing native plugins compatible for Editor in 5.07 ms, found 4 plugins.
Preloading 0 native plugins for Editor in 0.00 ms.
Unloading 5090 Unused Serialized files (Serialized files now loaded: 0)
Unloading 28 unused Assets / (312.3 KB). Loaded Objects now: 5625.
Memory consumption went from 205.1 MB to 204.8 MB.
Total: 5.980500 ms (FindLiveObjects: 0.543800 ms CreateObjectMapping: 0.283400 ms MarkObjects: 4.971000 ms  DeleteObjects: 0.180400 ms)

AssetImportParameters requested are different than current active one (requested -> active):
  custom:video-decoder-ogg-theora: a1e56fd34408186e4bbccfd4996cb3dc -> 
  custom:container-muxer-webm: aa71ff27fc2769a1b78a27578f13a17b -> 
  custom:container-demuxer-webm: 4f35f7cbe854078d1ac9338744f61a02 -> 
  custom:video-encoder-webm-vp8: eb34c28f22e8b96e1ab97ce403110664 -> 
  custom:audio-encoder-webm-vorbis: bf7c407c2cedff20999df2af8eb42d56 -> 
  custom:framework-win-MediaFoundation: 216162199b28c13a410421893ffa2e32 -> 
  custom:container-demuxer-ogg: 62fdf1f143b41e24485cea50d1cbac27 -> 
  custom:video-decoder-webm-vp8: 9c59270c3fd7afecdb556c50c9e8de78 -> 
  custom:audio-decoder-ogg-vorbis: bf7c407c2cedff20999df2af8eb42d56 -> 
Editor requested this worker to shutdown with reason: Scaling down because of idle timeout
AssetImportWorker is now disconnected from the server
Process exiting
Exiting without the bug reporter. Application will terminate with return code 0